<?xml version='1.0' encoding='UTF-8'?>
<testsuite hostname="giridhar_laptop" name="FrizzyTest" tests="5" errors="0" failures="0" skipped="0" time="0.084" timestamp="2024-11-28T14:09:57">
          <properties>
      <property name="java.specification.version" value="18"/><property name="sun.cpu.isalist" value="amd64"/><property name="sun.jnu.encoding" value="Cp1252"/><property name="sun.arch.data.model" value="64"/><property name="java.vendor.url" value="https://java.oracle.com/"/><property name="sun.boot.library.path" value="C:\Program Files\Java\jdk-18.0.2.1\bin"/><property name="sun.java.command" value="xsbt.boot.Boot test"/><property name="jdk.debug" value="release"/><property name="sun.stderr.encoding" value="cp437"/><property name="java.specification.vendor" value="Oracle Corporation"/><property name="java.version.date" value="2022-08-18"/><property name="java.home" value="C:\Program Files\Java\jdk-18.0.2.1"/><property name="file.separator" value="\"/><property name="java.vm.compressedOopsMode" value="32-bit"/><property name="line.separator" value="
"/><property name="sun.stdout.encoding" value="cp437"/><property name="java.vm.specification.vendor" value="Oracle Corporation"/><property name="java.specification.name" value="Java Platform API Specification"/><property name="user.script" value=""/><property name="sun.management.compiler" value="HotSpot 64-Bit Tiered Compilers"/><property name="java.runtime.version" value="18.0.2.1+1-1"/><property name="user.name" value="GPatr"/><property name="log4j.ignoreTCL" value="true"/><property name="file.encoding" value="UTF-8"/><property name="jnidispatch.path" value="C:\Users\GPatr\AppData\Local\Temp\jna-68050198\jna1079576781279540407.dll"/><property name="jna.loaded" value="true"/><property name="java.io.tmpdir" value="C:\Users\GPatr\AppData\Local\Temp\"/><property name="java.version" value="18.0.2.1"/><property name="java.vm.specification.name" value="Java Virtual Machine Specification"/><property name="sun.os.patch.level" value=""/><property name="native.encoding" value="Cp1252"/><property name="java.library.path" value="C:\Program Files\Java\jdk-18.0.2.1\bin;C:\WINDOWS\Sun\Java\bin;C:\WINDOWS\system32;C:\WINDOWS;C:\Program Files\Java\jdk-18.0.2.1\bin;C:\Program Files\Microsoft\jdk-17.0.10.7-hotspot\bin;C:\Python312\Scripts\;C:\Python312\;C:\Program Files\Microsoft\jdk-11.0.16.101-hotspot\bin;C:\Program Files\Common Files\Oracle\Java\javapath;C:\WINDOWS\system32;C:\WINDOWS;C:\WINDOWS\System32\Wbem;C:\WINDOWS\System32\WindowsPowerShell\v1.0\;C:\WINDOWS\System32\OpenSSH\;C:\Program Files\PuTTY\;C:\Program Files\Java\jdk-18.0.2.1\bin;C:\Program Files\mavenSetup\apache-maven-3.8.6\bin;C:\Program Files\Git\cmd;C:\Program Files\Amazon\AWSCLIV2\;C:\ProgramData\chocolatey\bin;C:\Users\GPatr\AppData\Local\Android\Sdk\platform-tools;C:\Program Files\nodejs\;C:\Program Files (x86)\sbt\bin;C:\Program Files (x86)\Dr. Memory\bin;C:\Ruby33-x64\bin;C:\Users\GPatr\AppData\Local\Microsoft\WindowsApps;C:\Users\GPatr\Desktop\Microsoft VS Code\bin;C:\MinGW64\bin;C:\Program Files\CMake\bin;C:\Program Files (x86)\Nmap;C:\Users\GPatr\AppData\Roaming\npm;C:\Users\GPatr\AppData\Local\JetBrains\Toolbox\scripts;C:\Users\GPatr\AppData\Local\Coursier\data\bin;C:\Users\GPatr\AppData\Local\GitHubDesktop\bin;C:\Program Files (x86)\Dr. Memory\bin\;."/><property name="java.vendor" value="Oracle Corporation"/><property name="scala.ext.dirs" value="C:\Users\GPatr\.sbt\1.0\java9-rt-ext-oracle_corporation_18_0_2_1"/><property name="sun.io.unicode.encoding" value="UnicodeLittle"/><property name="java.class.path" value="C:\Program Files (x86)\sbt\\bin\sbt-launch.jar"/><property name="java.vm.vendor" value="Oracle Corporation"/><property name="user.variant" value=""/><property name="jline.shutdownhook" value="false"/><property name="user.timezone" value="America/Chicago"/><property name="java.vm.specification.version" value="18"/><property name="os.name" value="Windows 10"/><property name="sun.java.launcher" value="SUN_STANDARD"/><property name="user.country" value="US"/><property name="sun.cpu.endian" value="little"/><property name="user.home" value="C:\Users\GPatr"/><property name="user.language" value="en"/><property name="sbt.ipcsocket.tmpdir" value="C:\Users\GPatr\AppData\Local\Temp\.sbtd6a2f2c4\ipcsocket"/><property name="swoval.tmpdir" value="C:\Users\GPatr\AppData\Local\Temp\.sbtd6a2f2c4\swoval"/><property name="jline.esc.timeout" value="0"/><property name="path.separator" value=";"/><property name="os.version" value="10.0"/><property name="jna.nosys" value="true"/><property name="java.runtime.name" value="Java(TM) SE Runtime Environment"/><property name="java.vm.name" value="Java HotSpot(TM) 64-Bit Server VM"/><property name="java.vendor.url.bug" value="https://bugreport.java.com/bugreport/"/><property name="user.dir" value="C:\Users\GPatr\Documents\GitHub\cs476-giridhar\CS476_Homework_1"/><property name="os.arch" value="amd64"/><property name="java.vm.info" value="mixed mode, sharing"/><property name="java.vm.version" value="18.0.2.1+1-1"/><property name="java.class.version" value="62.0"/>
    </properties>
          <testcase classname="FrizzyTest" name="should partially evaluate conditional expressions with unknown variables" time="0.062">
                      
                    </testcase><testcase classname="FrizzyTest" name="should partially evaluate method invocations with unknown arguments" time="0.022">
                      
                    </testcase><testcase classname="FrizzyTest" name="should correctly handle method overriding with partial evaluation in inheritance hierarchies" time="0.0">
                      
                    </testcase><testcase classname="FrizzyTest" name="should apply reduction rules and handle associativity in partial evaluations" time="0.0">
                      
                    </testcase><testcase classname="FrizzyTest" name="should partially evaluate method calls in inheritance hierarchies with dynamic dispatch" time="0.0">
                      
                    </testcase>
          <system-out><![CDATA[]]></system-out>
          <system-err><![CDATA[]]></system-err>
        </testsuite>